
Showing logs for build [32mcb-kubecd-environment-pr-153-1-56phv-1[0m stage [32mfrom-build-pack[0m and container [32mstep-credential-initializer-bwpkj[0m
{"level":"warn","ts":1579700471.0558722,"logger":"fallback-logger","caller":"logging/config.go:69","msg":"Fetch GitHub commit ID from kodata failed: \"ref: refs/heads/0.8.0-**-support-backwards-incompats\" is not a valid GitHub commit ID"}
{"level":"info","ts":1579700471.056439,"logger":"fallback-logger","caller":"creds-init/main.go:40","msg":"Credentials initialized."}

Showing logs for build [32mcb-kubecd-environment-pr-153-1-56phv-1[0m stage [32mfrom-build-pack[0m and container [32mstep-working-dir-initializer-62gt7[0m
{"level":"warn","ts":1579700472.0789998,"logger":"fallback-logger","caller":"logging/config.go:69","msg":"Fetch GitHub commit ID from kodata failed: open /var/run/ko/HEAD: no such file or directory"}
{"level":"info","ts":1579700472.0805724,"logger":"fallback-logger","caller":"bash/main.go:64","msg":"Successfully executed command \"sh -c mkdir -p /workspace/source\"; output "}

Showing logs for build [32mcb-kubecd-environment-pr-153-1-56phv-1[0m stage [32mfrom-build-pack[0m and container [32mstep-place-tools[0m

Showing logs for build [32mcb-kubecd-environment-pr-153-1-56phv-1[0m stage [32mfrom-build-pack[0m and container [32mstep-git-source-cb-kubecd-environment-pr-153-1-q8zq6[0m
{"level":"warn","ts":1579700476.4272978,"logger":"fallback-logger","caller":"logging/config.go:69","msg":"Fetch GitHub commit ID from kodata failed: \"ref: refs/heads/0.8.0-**-support-backwards-incompats\" is not a valid GitHub commit ID"}
{"level":"info","ts":1579700477.6058931,"logger":"fallback-logger","caller":"git/git.go:103","msg":"Successfully cloned https://github.com/cb-kubecd/environment-pr-153-1-boot-gke-staging.git @ master in path /workspace/source"}

Showing logs for build [32mcb-kubecd-environment-pr-153-1-56phv-1[0m stage [32mfrom-build-pack[0m and container [32mstep-git-merge[0m
Using SHAs from PULL_REFS=master:ff0856c8b7d28ae7c66d6d149738152eb31c0c4d,7:53e5c948bb131673e4120714444efe2ee2ad76e3
DEBUG: ran git fetch --unshallow origin 53e5c948bb131673e4120714444efe2ee2ad76e3: ff0856c8b7d28ae7c66d6d149738152eb31c0c4d: in 
DEBUG: ran git checkout master in 
DEBUG: ran git reset --hard ff0856c8b7d28ae7c66d6d149738152eb31c0c4d in 
DEBUG: ran clean --force -d . in 
DEBUG: ran git merge 53e5c948bb131673e4120714444efe2ee2ad76e3 in 
Merged SHA 53e5c948bb131673e4120714444efe2ee2ad76e3 with commit message 'chore: Promote bdd-sbhg-import-1579699264 to version 0.0.1' into base branch master

Showing logs for build [32mcb-kubecd-environment-pr-153-1-56phv-1[0m stage [32mfrom-build-pack[0m and container [32mstep-build-helm-build[0m
WARNING: No $CHART_REPOSITORY defined so using the default value of: http://jenkins-x-chartmuseum:8080
Adding missing Helm repo: storage.googleapis.com https://storage.googleapis.com/chartmuseum.jenkins-x.io
WARNING: No secrets found on "helm/repos" due: reading the secret "helm/repos" from vault: no secret "helm/repos" not found in vault
Read credentials for https://storage.googleapis.com/chartmuseum.jenkins-x.io from vault helm/repos
Successfully added Helm repository storage.googleapis.com.
Adding missing Helm repo: jenkins-x-chartmuseum http://jenkins-x-chartmuseum:8080
WARNING: No secrets found on "helm/repos" due: reading the secret "helm/repos" from vault: no secret "helm/repos" not found in vault
Read credentials for http://jenkins-x-chartmuseum:8080 from vault helm/repos
Successfully added Helm repository jenkins-x-chartmuseum.
WARNING: No $CHART_REPOSITORY defined so using the default value of: http://jenkins-x-chartmuseum:8080
Adding missing Helm repo: chartmuseum.jenkins-x.io http://chartmuseum.jenkins-x.io
WARNING: No secrets found on "helm/repos" due: reading the secret "helm/repos" from vault: no secret "helm/repos" not found in vault
Read credentials for http://chartmuseum.jenkins-x.io from vault helm/repos
Successfully added Helm repository chartmuseum.jenkins-x.io.
