
Showing logs for build [32mcb-kubecd-environment-pr-153-1-hkj28-1[0m stage [32mfrom-build-pack[0m and container [32mstep-credential-initializer-mvqkz[0m
{"level":"warn","ts":1579699988.5670583,"logger":"fallback-logger","caller":"logging/config.go:69","msg":"Fetch GitHub commit ID from kodata failed: \"ref: refs/heads/0.8.0-**-support-backwards-incompats\" is not a valid GitHub commit ID"}
{"level":"info","ts":1579699988.5750756,"logger":"fallback-logger","caller":"creds-init/main.go:40","msg":"Credentials initialized."}

Showing logs for build [32mcb-kubecd-environment-pr-153-1-hkj28-1[0m stage [32mfrom-build-pack[0m and container [32mstep-working-dir-initializer-l9mgx[0m
{"level":"warn","ts":1579699990.0885403,"logger":"fallback-logger","caller":"logging/config.go:69","msg":"Fetch GitHub commit ID from kodata failed: open /var/run/ko/HEAD: no such file or directory"}
{"level":"info","ts":1579699990.0994465,"logger":"fallback-logger","caller":"bash/main.go:64","msg":"Successfully executed command \"sh -c mkdir -p /workspace/source\"; output "}

Showing logs for build [32mcb-kubecd-environment-pr-153-1-hkj28-1[0m stage [32mfrom-build-pack[0m and container [32mstep-place-tools[0m

Showing logs for build [32mcb-kubecd-environment-pr-153-1-hkj28-1[0m stage [32mfrom-build-pack[0m and container [32mstep-git-source-cb-kubecd-environment-pr-153-1-gksrw[0m
{"level":"warn","ts":1579699996.2600176,"logger":"fallback-logger","caller":"logging/config.go:69","msg":"Fetch GitHub commit ID from kodata failed: \"ref: refs/heads/0.8.0-**-support-backwards-incompats\" is not a valid GitHub commit ID"}
{"level":"info","ts":1579699997.4905884,"logger":"fallback-logger","caller":"git/git.go:103","msg":"Successfully cloned https://github.com/cb-kubecd/environment-pr-153-1-boot-gke-staging.git @ master in path /workspace/source"}

Showing logs for build [32mcb-kubecd-environment-pr-153-1-hkj28-1[0m stage [32mfrom-build-pack[0m and container [32mstep-git-merge[0m
Using SHAs from PULL_REFS=master:5988805358ad0a7abb805edbb0200f13b5402a36,6:ac13957a09486b49215de322f8d15cfb1ca55724
DEBUG: ran git fetch --unshallow origin ac13957a09486b49215de322f8d15cfb1ca55724: 5988805358ad0a7abb805edbb0200f13b5402a36: in 
DEBUG: ran git checkout master in 
DEBUG: ran git reset --hard 5988805358ad0a7abb805edbb0200f13b5402a36 in 
DEBUG: ran clean --force -d . in 
DEBUG: ran git merge ac13957a09486b49215de322f8d15cfb1ca55724 in 
Merged SHA ac13957a09486b49215de322f8d15cfb1ca55724 with commit message 'chore: Promote bdd-ghf**y-import-1579699264 to version 0.0.1' into base branch master

Showing logs for build [32mcb-kubecd-environment-pr-153-1-hkj28-1[0m stage [32mfrom-build-pack[0m and container [32mstep-build-helm-build[0m
WARNING: No $CHART_REPOSITORY defined so using the default value of: http://jenkins-x-chartmuseum:8080
Adding missing Helm repo: storage.googleapis.com https://storage.googleapis.com/chartmuseum.jenkins-x.io
WARNING: No secrets found on "helm/repos" due: reading the secret "helm/repos" from vault: no secret "helm/repos" not found in vault
Read credentials for https://storage.googleapis.com/chartmuseum.jenkins-x.io from vault helm/repos
Successfully added Helm repository storage.googleapis.com.
Adding missing Helm repo: jenkins-x-chartmuseum http://jenkins-x-chartmuseum:8080
WARNING: No secrets found on "helm/repos" due: reading the secret "helm/repos" from vault: no secret "helm/repos" not found in vault
Read credentials for http://jenkins-x-chartmuseum:8080 from vault helm/repos
Successfully added Helm repository jenkins-x-chartmuseum.
WARNING: No $CHART_REPOSITORY defined so using the default value of: http://jenkins-x-chartmuseum:8080
Adding missing Helm repo: chartmuseum.jenkins-x.io http://chartmuseum.jenkins-x.io
WARNING: No secrets found on "helm/repos" due: reading the secret "helm/repos" from vault: no secret "helm/repos" not found in vault
Read credentials for http://chartmuseum.jenkins-x.io from vault helm/repos
Successfully added Helm repository chartmuseum.jenkins-x.io.
