
Showing logs for build [32mcb-kubecd-environment-pr-153-1-4kqng-1[0m stage [32mfrom-build-pack[0m and container [32mstep-credential-initializer-2tntk[0m
{"level":"warn","ts":1579701046.7575154,"logger":"fallback-logger","caller":"logging/config.go:69","msg":"Fetch GitHub commit ID from kodata failed: \"ref: refs/heads/0.8.0-**-support-backwards-incompats\" is not a valid GitHub commit ID"}
{"level":"info","ts":1579701046.7582023,"logger":"fallback-logger","caller":"creds-init/main.go:40","msg":"Credentials initialized."}

Showing logs for build [32mcb-kubecd-environment-pr-153-1-4kqng-1[0m stage [32mfrom-build-pack[0m and container [32mstep-working-dir-initializer-g8jfr[0m
{"level":"warn","ts":1579701047.2967875,"logger":"fallback-logger","caller":"logging/config.go:69","msg":"Fetch GitHub commit ID from kodata failed: open /var/run/ko/HEAD: no such file or directory"}
{"level":"info","ts":1579701047.2992907,"logger":"fallback-logger","caller":"bash/main.go:64","msg":"Successfully executed command \"sh -c mkdir -p /workspace/source\"; output "}

Showing logs for build [32mcb-kubecd-environment-pr-153-1-4kqng-1[0m stage [32mfrom-build-pack[0m and container [32mstep-place-tools[0m

Showing logs for build [32mcb-kubecd-environment-pr-153-1-4kqng-1[0m stage [32mfrom-build-pack[0m and container [32mstep-git-source-cb-kubecd-environment-pr-153-1-h55q2[0m
{"level":"warn","ts":1579701052.4919765,"logger":"fallback-logger","caller":"logging/config.go:69","msg":"Fetch GitHub commit ID from kodata failed: \"ref: refs/heads/0.8.0-**-support-backwards-incompats\" is not a valid GitHub commit ID"}
{"level":"info","ts":1579701053.7642562,"logger":"fallback-logger","caller":"git/git.go:103","msg":"Successfully cloned https://github.com/cb-kubecd/environment-pr-153-1-boot-gke-staging.git @ master in path /workspace/source"}

Showing logs for build [32mcb-kubecd-environment-pr-153-1-4kqng-1[0m stage [32mfrom-build-pack[0m and container [32mstep-git-merge[0m
Using SHAs from PULL_REFS=master:7c1e5cd94ae022efb19109d748d2f1131f3fe1bb,8:97599ae9b9d1b3f2b971e04e2f2d4ef985624b4b
DEBUG: ran git fetch --unshallow origin 97599ae9b9d1b3f2b971e04e2f2d4ef985624b4b: 7c1e5cd94ae022efb19109d748d2f1131f3fe1bb: in 
DEBUG: ran git checkout master in 
DEBUG: ran git reset --hard 7c1e5cd94ae022efb19109d748d2f1131f3fe1bb in 
DEBUG: ran clean --force -d . in 
DEBUG: ran git merge 97599ae9b9d1b3f2b971e04e2f2d4ef985624b4b in 
Merged SHA 97599ae9b9d1b3f2b971e04e2f2d4ef985624b4b with commit message 'chore: Promote bdd-sbrp-import-1579699264 to version 0.0.1' into base branch master

Showing logs for build [32mcb-kubecd-environment-pr-153-1-4kqng-1[0m stage [32mfrom-build-pack[0m and container [32mstep-build-helm-build[0m
WARNING: No $CHART_REPOSITORY defined so using the default value of: http://jenkins-x-chartmuseum:8080
Adding missing Helm repo: storage.googleapis.com https://storage.googleapis.com/chartmuseum.jenkins-x.io
WARNING: No secrets found on "helm/repos" due: reading the secret "helm/repos" from vault: no secret "helm/repos" not found in vault
Read credentials for https://storage.googleapis.com/chartmuseum.jenkins-x.io from vault helm/repos
Successfully added Helm repository storage.googleapis.com.
Adding missing Helm repo: jenkins-x-chartmuseum http://jenkins-x-chartmuseum:8080
WARNING: No secrets found on "helm/repos" due: reading the secret "helm/repos" from vault: no secret "helm/repos" not found in vault
Read credentials for http://jenkins-x-chartmuseum:8080 from vault helm/repos
Successfully added Helm repository jenkins-x-chartmuseum.
WARNING: No $CHART_REPOSITORY defined so using the default value of: http://jenkins-x-chartmuseum:8080
Adding missing Helm repo: chartmuseum.jenkins-x.io http://chartmuseum.jenkins-x.io
WARNING: No secrets found on "helm/repos" due: reading the secret "helm/repos" from vault: no secret "helm/repos" not found in vault
Read credentials for http://chartmuseum.jenkins-x.io from vault helm/repos
Successfully added Helm repository chartmuseum.jenkins-x.io.
