
Showing logs for build [32mcb-kubecd-environment-pr-153-1-4zfxf-1[0m stage [32mfrom-build-pack[0m and container [32mstep-credential-initializer-8lnb5[0m
{"level":"warn","ts":1579699520.2944825,"logger":"fallback-logger","caller":"logging/config.go:69","msg":"Fetch GitHub commit ID from kodata failed: \"ref: refs/heads/0.8.0-**-support-backwards-incompats\" is not a valid GitHub commit ID"}
{"level":"info","ts":1579699520.2953718,"logger":"fallback-logger","caller":"creds-init/main.go:40","msg":"Credentials initialized."}

Showing logs for build [32mcb-kubecd-environment-pr-153-1-4zfxf-1[0m stage [32mfrom-build-pack[0m and container [32mstep-working-dir-initializer-2wjc8[0m
{"level":"warn","ts":1579699521.5723603,"logger":"fallback-logger","caller":"logging/config.go:69","msg":"Fetch GitHub commit ID from kodata failed: open /var/run/ko/HEAD: no such file or directory"}
{"level":"info","ts":1579699521.5787592,"logger":"fallback-logger","caller":"bash/main.go:64","msg":"Successfully executed command \"sh -c mkdir -p /workspace/source\"; output "}

Showing logs for build [32mcb-kubecd-environment-pr-153-1-4zfxf-1[0m stage [32mfrom-build-pack[0m and container [32mstep-place-tools[0m

Showing logs for build [32mcb-kubecd-environment-pr-153-1-4zfxf-1[0m stage [32mfrom-build-pack[0m and container [32mstep-git-source-cb-kubecd-environment-pr-153-1-gdhng[0m
{"level":"warn","ts":1579699550.768881,"logger":"fallback-logger","caller":"logging/config.go:69","msg":"Fetch GitHub commit ID from kodata failed: \"ref: refs/heads/0.8.0-**-support-backwards-incompats\" is not a valid GitHub commit ID"}
{"level":"info","ts":1579699551.9993439,"logger":"fallback-logger","caller":"git/git.go:103","msg":"Successfully cloned https://github.com/cb-kubecd/environment-pr-153-1-boot-gke-staging.git @ master in path /workspace/source"}

Showing logs for build [32mcb-kubecd-environment-pr-153-1-4zfxf-1[0m stage [32mfrom-build-pack[0m and container [32mstep-git-merge[0m
Using SHAs from PULL_REFS=master:3ddf61005f8f77992fcce242f261c9012a7d7963,5:cdd9ae8ca7ba9be42dd5f05385d31e04cbf3c4c4
DEBUG: ran git fetch --unshallow origin cdd9ae8ca7ba9be42dd5f05385d31e04cbf3c4c4: 3ddf61005f8f77992fcce242f261c9012a7d7963: in 
DEBUG: ran git checkout master in 
DEBUG: ran git reset --hard 3ddf61005f8f77992fcce242f261c9012a7d7963 in 
DEBUG: ran clean --force -d . in 
DEBUG: ran git merge cdd9ae8ca7ba9be42dd5f05385d31e04cbf3c4c4 in 
Merged SHA cdd9ae8ca7ba9be42dd5f05385d31e04cbf3c4c4 with commit message 'chore: Promote bdd-nh-import-1579699264 to version 0.0.1' into base branch master

Showing logs for build [32mcb-kubecd-environment-pr-153-1-4zfxf-1[0m stage [32mfrom-build-pack[0m and container [32mstep-build-helm-build[0m
WARNING: No $CHART_REPOSITORY defined so using the default value of: http://jenkins-x-chartmuseum:8080
Adding missing Helm repo: storage.googleapis.com https://storage.googleapis.com/chartmuseum.jenkins-x.io
WARNING: No secrets found on "helm/repos" due: reading the secret "helm/repos" from vault: no secret "helm/repos" not found in vault
Read credentials for https://storage.googleapis.com/chartmuseum.jenkins-x.io from vault helm/repos
Successfully added Helm repository storage.googleapis.com.
Adding missing Helm repo: jenkins-x-chartmuseum http://jenkins-x-chartmuseum:8080
WARNING: No secrets found on "helm/repos" due: reading the secret "helm/repos" from vault: no secret "helm/repos" not found in vault
Read credentials for http://jenkins-x-chartmuseum:8080 from vault helm/repos
Successfully added Helm repository jenkins-x-chartmuseum.
WARNING: No $CHART_REPOSITORY defined so using the default value of: http://jenkins-x-chartmuseum:8080
Adding missing Helm repo: chartmuseum.jenkins-x.io http://chartmuseum.jenkins-x.io
WARNING: No secrets found on "helm/repos" due: reading the secret "helm/repos" from vault: no secret "helm/repos" not found in vault
Read credentials for http://chartmuseum.jenkins-x.io from vault helm/repos
Successfully added Helm repository chartmuseum.jenkins-x.io.
